# JRE version: Java(TM) SE Runtime Environment 18.9 (11.0.14+8) (build 11.0.14+8-LTS-263)
# Java VM: Java HotSpot(TM) 64-Bit Server VM 18.9 (11.0.14+8-LTS-263, mixed mode, tiered, compressed oops, g1 gc, windows-amd64)
Heap:
 garbage-first heap   total 292864K, used 193297K [0x0000000740000000, 0x0000000800000000)
  region size 1024K, 157 young (160768K), 13 survivors (13312K)
 Metaspace       used 88585K, capacity 90893K, committed 91008K, reserved 1128448K
  class space    used 11217K, capacity 12143K, committed 12160K, reserved 1048576K
GC Heap History (10 events):
Event: 22.650 GC heap before
{Heap before GC invocations=14 (full 0):
 garbage-first heap   total 243712K, used 162304K [0x0000000740000000, 0x0000000800000000)
  region size 1024K, 142 young (145408K), 12 survivors (12288K)
 Metaspace       used 54999K, capacity 56622K, committed 56704K, reserved 1099776K
  class space    used 6599K, capacity 7235K, committed 7296K, reserved 1048576K
}
Event: 22.681 GC heap after
{Heap after GC invocations=15 (full 0):
 garbage-first heap   total 292864K, used 32073K [0x0000000740000000, 0x0000000800000000)
  region size 1024K, 10 young (10240K), 10 survivors (10240K)
 Metaspace       used 54999K, capacity 56622K, committed 56704K, reserved 1099776K
  class space    used 6599K, capacity 7235K, committed 7296K, reserved 1048576K
}
Event: 26.496 GC heap before
{Heap before GC invocations=15 (full 0):
 garbage-first heap   total 292864K, used 160073K [0x0000000740000000, 0x0000000800000000)
  region size 1024K, 136 young (139264K), 10 survivors (10240K)
 Metaspace       used 58265K, capacity 59922K, committed 60160K, reserved 1101824K
  class space    used 7021K, capacity 7670K, committed 7680K, reserved 1048576K
}
Event: 26.524 GC heap after
{Heap after GC invocations=16 (full 0):
 garbage-first heap   total 292864K, used 34121K [0x0000000740000000, 0x0000000800000000)
  region size 1024K, 12 young (12288K), 12 survivors (12288K)
 Metaspace       used 58265K, capacity 59922K, committed 60160K, reserved 1101824K
  class space    used 7021K, capacity 7670K, committed 7680K, reserved 1048576K
}
Event: 38.005 GC heap before
{Heap before GC invocations=17 (full 0):
 garbage-first heap   total 292864K, used 196937K [0x0000000740000000, 0x0000000800000000)
  region size 1024K, 171 young (175104K), 12 survivors (12288K)
 Metaspace       used 76142K, capacity 77979K, committed 78208K, reserved 1118208K
  class space    used 9600K, capacity 10332K, committed 10368K, reserved 1048576K
}
Event: 38.040 GC heap after
{Heap after GC invocations=18 (full 0):
 garbage-first heap   total 292864K, used 37945K [0x0000000740000000, 0x0000000800000000)
  region size 1024K, 12 young (12288K), 12 survivors (12288K)
 Metaspace       used 76142K, capacity 77979K, committed 78208K, reserved 1118208K
  class space    used 9600K, capacity 10332K, committed 10368K, reserved 1048576K
}
Event: 40.519 GC heap before
{Heap before GC invocations=18 (full 0):
 garbage-first heap   total 292864K, used 200761K [0x0000000740000000, 0x0000000800000000)
  region size 1024K, 171 young (175104K), 12 survivors (12288K)
 Metaspace       used 80951K, capacity 82986K, committed 83072K, reserved 1122304K
  class space    used 10234K, capacity 11059K, committed 11136K, reserved 1048576K
}
Event: 40.559 GC heap after
{Heap after GC invocations=19 (full 0):
 garbage-first heap   total 292864K, used 43851K [0x0000000740000000, 0x0000000800000000)
  region size 1024K, 15 young (15360K), 15 survivors (15360K)
 Metaspace       used 80951K, capacity 82986K, committed 83072K, reserved 1122304K
  class space    used 10234K, capacity 11059K, committed 11136K, reserved 1048576K
}
Event: 42.612 GC heap before
{Heap before GC invocations=19 (full 0):
 garbage-first heap   total 292864K, used 203595K [0x0000000740000000, 0x0000000800000000)
  region size 1024K, 171 young (175104K), 15 survivors (15360K)
 Metaspace       used 82728K, capacity 84942K, committed 85120K, reserved 1122304K
  class space    used 10486K, capacity 11349K, committed 11392K, reserved 1048576K
}
Event: 42.656 GC heap after
{Heap after GC invocations=20 (full 0):
 garbage-first heap   total 292864K, used 46865K [0x0000000740000000, 0x0000000800000000)
  region size 1024K, 13 young (13312K), 13 survivors (13312K)
 Metaspace       used 82728K, capacity 84942K, committed 85120K, reserved 1122304K
  class space    used 10486K, capacity 11349K, committed 11392K, reserved 1048576K
}

