# JRE version: Java(TM) SE Runtime Environment 18.9 (11.0.14+8) (build 11.0.14+8-LTS-263)
# Java VM: Java HotSpot(TM) 64-Bit Server VM 18.9 (11.0.14+8-LTS-263, mixed mode, tiered, compressed oops, g1 gc, windows-amd64)
Heap:
 garbage-first heap   total 355328K, used 64141K [0x0000000740000000, 0x0000000800000000)
  region size 1024K, 58 young (59392K), 19 survivors (19456K)
 Metaspace       used 47101K, capacity 48415K, committed 48640K, reserved 1091584K
  class space    used 5561K, capacity 6106K, committed 6144K, reserved 1048576K
GC Heap History (10 events):
Event: 4.712 GC heap before
{Heap before GC invocations=5 (full 0):
 garbage-first heap   total 196608K, used 24233K [0x0000000740000000, 0x0000000800000000)
  region size 1024K, 21 young (21504K), 4 survivors (4096K)
 Metaspace       used 20633K, capacity 21198K, committed 21248K, reserved 1069056K
  class space    used 2302K, capacity 2538K, committed 2560K, reserved 1048576K
}
Event: 4.719 GC heap after
{Heap after GC invocations=6 (full 0):
 garbage-first heap   total 196608K, used 9357K [0x0000000740000000, 0x0000000800000000)
  region size 1024K, 3 young (3072K), 3 survivors (3072K)
 Metaspace       used 20633K, capacity 21198K, committed 21248K, reserved 1069056K
  class space    used 2302K, capacity 2538K, committed 2560K, reserved 1048576K
}
Event: 6.175 GC heap before
{Heap before GC invocations=7 (full 0):
 garbage-first heap   total 196608K, used 57485K [0x0000000740000000, 0x0000000800000000)
  region size 1024K, 51 young (52224K), 3 survivors (3072K)
 Metaspace       used 26768K, capacity 27491K, committed 27648K, reserved 1073152K
  class space    used 3037K, capacity 3318K, committed 3328K, reserved 1048576K
}
Event: 6.185 GC heap after
{Heap after GC invocations=8 (full 0):
 garbage-first heap   total 196608K, used 10660K [0x0000000740000000, 0x0000000800000000)
  region size 1024K, 5 young (5120K), 5 survivors (5120K)
 Metaspace       used 26768K, capacity 27491K, committed 27648K, reserved 1073152K
  class space    used 3037K, capacity 3318K, committed 3328K, reserved 1048576K
}
Event: 7.783 GC heap before
{Heap before GC invocations=8 (full 0):
 garbage-first heap   total 196608K, used 77220K [0x0000000740000000, 0x0000000800000000)
  region size 1024K, 70 young (71680K), 5 survivors (5120K)
 Metaspace       used 31088K, capacity 31884K, committed 32000K, reserved 1077248K
  class space    used 3528K, capacity 3833K, committed 3840K, reserved 1048576K
}
Event: 7.806 GC heap after
{Heap after GC invocations=9 (full 0):
 garbage-first heap   total 355328K, used 13825K [0x0000000740000000, 0x0000000800000000)
  region size 1024K, 8 young (8192K), 8 survivors (8192K)
 Metaspace       used 31088K, capacity 31884K, committed 32000K, reserved 1077248K
  class space    used 3528K, capacity 3833K, committed 3840K, reserved 1048576K
}
Event: 11.039 GC heap before
{Heap before GC invocations=9 (full 0):
 garbage-first heap   total 355328K, used 110081K [0x0000000740000000, 0x0000000800000000)
  region size 1024K, 103 young (105472K), 8 survivors (8192K)
 Metaspace       used 34977K, capacity 35816K, committed 35840K, reserved 1081344K
  class space    used 4122K, capacity 4462K, committed 4480K, reserved 1048576K
}
Event: 11.063 GC heap after
{Heap after GC invocations=10 (full 0):
 garbage-first heap   total 355328K, used 16525K [0x0000000740000000, 0x0000000800000000)
  region size 1024K, 10 young (10240K), 10 survivors (10240K)
 Metaspace       used 34977K, capacity 35816K, committed 35840K, reserved 1081344K
  class space    used 4122K, capacity 4462K, committed 4480K, reserved 1048576K
}
Event: 15.946 GC heap before
{Heap before GC invocations=11 (full 0):
 garbage-first heap   total 355328K, used 211085K [0x0000000740000000, 0x0000000800000000)
  region size 1024K, 188 young (192512K), 10 survivors (10240K)
 Metaspace       used 45938K, capacity 47131K, committed 47360K, reserved 1091584K
  class space    used 5374K, capacity 5857K, committed 5888K, reserved 1048576K
}
Event: 15.981 GC heap after
{Heap after GC invocations=12 (full 0):
 garbage-first heap   total 355328K, used 25229K [0x0000000740000000, 0x0000000800000000)
  region size 1024K, 19 young (19456K), 19 survivors (19456K)
 Metaspace       used 45938K, capacity 47131K, committed 47360K, reserved 1091584K
  class space    used 5374K, capacity 5857K, committed 5888K, reserved 1048576K
}

