# JRE version: Java(TM) SE Runtime Environment 18.9 (11.0.14+8) (build 11.0.14+8-LTS-263)
# Java VM: Java HotSpot(TM) 64-Bit Server VM 18.9 (11.0.14+8-LTS-263, mixed mode, tiered, compressed oops, g1 gc, windows-amd64)
Heap:
 garbage-first heap   total 236544K, used 14786K [0x0000000740000000, 0x0000000800000000)
  region size 1024K, 8 young (8192K), 8 survivors (8192K)
 Metaspace       used 32607K, capacity 33466K, committed 33536K, reserved 1079296K
  class space    used 3714K, capacity 4029K, committed 4096K, reserved 1048576K
GC Heap History (10 events):
Event: 1.181 GC heap after
{Heap after GC invocations=2 (full 0):
 garbage-first heap   total 196608K, used 6632K [0x0000000740000000, 0x0000000800000000)
  region size 1024K, 2 young (2048K), 2 survivors (2048K)
 Metaspace       used 9414K, capacity 9539K, committed 9600K, reserved 1058816K
  class space    used 840K, capacity 877K, committed 896K, reserved 1048576K
}
Event: 1.605 GC heap before
{Heap before GC invocations=2 (full 0):
 garbage-first heap   total 196608K, used 16872K [0x0000000740000000, 0x0000000800000000)
  region size 1024K, 12 young (12288K), 2 survivors (2048K)
 Metaspace       used 11143K, capacity 11335K, committed 11392K, reserved 1058816K
  class space    used 1057K, capacity 1140K, committed 1152K, reserved 1048576K
}
Event: 1.608 GC heap after
{Heap after GC invocations=3 (full 0):
 garbage-first heap   total 196608K, used 7214K [0x0000000740000000, 0x0000000800000000)
  region size 1024K, 1 young (1024K), 1 survivors (1024K)
 Metaspace       used 11143K, capacity 11335K, committed 11392K, reserved 1058816K
  class space    used 1057K, capacity 1140K, committed 1152K, reserved 1048576K
}
Event: 2.890 GC heap before
{Heap before GC invocations=3 (full 0):
 garbage-first heap   total 196608K, used 36910K [0x0000000740000000, 0x0000000800000000)
  region size 1024K, 29 young (29696K), 1 survivors (1024K)
 Metaspace       used 15807K, capacity 16114K, committed 16384K, reserved 1064960K
  class space    used 1603K, capacity 1725K, committed 1792K, reserved 1048576K
}
Event: 2.895 GC heap after
{Heap after GC invocations=4 (full 0):
 garbage-first heap   total 196608K, used 8236K [0x0000000740000000, 0x0000000800000000)
  region size 1024K, 2 young (2048K), 2 survivors (2048K)
 Metaspace       used 15807K, capacity 16114K, committed 16384K, reserved 1064960K
  class space    used 1603K, capacity 1725K, committed 1792K, reserved 1048576K
}
Event: 3.847 GC heap before
{Heap before GC invocations=4 (full 0):
 garbage-first heap   total 196608K, used 39980K [0x0000000740000000, 0x0000000800000000)
  region size 1024K, 35 young (35840K), 2 survivors (2048K)
 Metaspace       used 20636K, capacity 21152K, committed 21248K, reserved 1069056K
  class space    used 2271K, capacity 2503K, committed 2560K, reserved 1048576K
}
Event: 3.854 GC heap after
{Heap after GC invocations=5 (full 0):
 garbage-first heap   total 196608K, used 9576K [0x0000000740000000, 0x0000000800000000)
  region size 1024K, 3 young (3072K), 3 survivors (3072K)
 Metaspace       used 20636K, capacity 21152K, committed 21248K, reserved 1069056K
  class space    used 2271K, capacity 2503K, committed 2560K, reserved 1048576K
}
Event: 4.654 GC heap before
{Heap before GC invocations=6 (full 0):
 garbage-first heap   total 196608K, used 51560K [0x0000000740000000, 0x0000000800000000)
  region size 1024K, 45 young (46080K), 3 survivors (3072K)
 Metaspace       used 26331K, capacity 26947K, committed 27136K, reserved 1073152K
  class space    used 2972K, capacity 3223K, committed 3328K, reserved 1048576K
}
Event: 4.663 GC heap after
{Heap after GC invocations=7 (full 0):
 garbage-first heap   total 196608K, used 10652K [0x0000000740000000, 0x0000000800000000)
  region size 1024K, 4 young (4096K), 4 survivors (4096K)
 Metaspace       used 26331K, capacity 26947K, committed 27136K, reserved 1073152K
  class space    used 2972K, capacity 3223K, committed 3328K, reserved 1048576K
}
Event: 8.141 GC heap before
{Heap before GC invocations=7 (full 0):
 garbage-first heap   total 196608K, used 124316K [0x0000000740000000, 0x0000000800000000)
  region size 1024K, 115 young (117760K), 4 survivors (4096K)
 Metaspace       used 32607K, capacity 33466K, committed 33536K, reserved 1079296K
  class space    used 3714K, capacity 4029K, committed 4096K, reserved 1048576K
}

