# JRE version: Java(TM) SE Runtime Environment 18.9 (11.0.14+8) (build 11.0.14+8-LTS-263)
# Java VM: Java HotSpot(TM) 64-Bit Server VM 18.9 (11.0.14+8-LTS-263, mixed mode, tiered, compressed oops, g1 gc, windows-amd64)
Heap:
 garbage-first heap   total 273408K, used 25755K [0x0000000740000000, 0x0000000800000000)
  region size 1024K, 20 young (20480K), 4 survivors (4096K)
 Metaspace       used 28406K, capacity 29078K, committed 29184K, reserved 1075200K
  class space    used 3249K, capacity 3526K, committed 3584K, reserved 1048576K
GC Heap History (10 events):
Event: 1.452 GC heap before
{Heap before GC invocations=2 (full 0):
 garbage-first heap   total 196608K, used 15568K [0x0000000740000000, 0x0000000800000000)
  region size 1024K, 10 young (10240K), 1 survivors (1024K)
 Metaspace       used 10907K, capacity 11080K, committed 11136K, reserved 1058816K
  class space    used 1035K, capacity 1097K, committed 1152K, reserved 1048576K
}
Event: 1.455 GC heap after
{Heap after GC invocations=3 (full 0):
 garbage-first heap   total 196608K, used 6771K [0x0000000740000000, 0x0000000800000000)
  region size 1024K, 2 young (2048K), 2 survivors (2048K)
 Metaspace       used 10907K, capacity 11080K, committed 11136K, reserved 1058816K
  class space    used 1035K, capacity 1097K, committed 1152K, reserved 1048576K
}
Event: 2.141 GC heap before
{Heap before GC invocations=3 (full 0):
 garbage-first heap   total 196608K, used 25203K [0x0000000740000000, 0x0000000800000000)
  region size 1024K, 19 young (19456K), 2 survivors (2048K)
 Metaspace       used 13320K, capacity 13572K, committed 13824K, reserved 1060864K
  class space    used 1334K, capacity 1429K, committed 1536K, reserved 1048576K
}
Event: 2.148 GC heap after
{Heap after GC invocations=4 (full 0):
 garbage-first heap   total 196608K, used 7342K [0x0000000740000000, 0x0000000800000000)
  region size 1024K, 2 young (2048K), 2 survivors (2048K)
 Metaspace       used 13320K, capacity 13572K, committed 13824K, reserved 1060864K
  class space    used 1334K, capacity 1429K, committed 1536K, reserved 1048576K
}
Event: 3.565 GC heap before
{Heap before GC invocations=4 (full 0):
 garbage-first heap   total 196608K, used 40110K [0x0000000740000000, 0x0000000800000000)
  region size 1024K, 34 young (34816K), 2 survivors (2048K)
 Metaspace       used 18667K, capacity 19162K, committed 19456K, reserved 1067008K
  class space    used 2031K, capacity 2219K, committed 2304K, reserved 1048576K
}
Event: 3.573 GC heap after
{Heap after GC invocations=5 (full 0):
 garbage-first heap   total 196608K, used 8756K [0x0000000740000000, 0x0000000800000000)
  region size 1024K, 4 young (4096K), 4 survivors (4096K)
 Metaspace       used 18667K, capacity 19162K, committed 19456K, reserved 1067008K
  class space    used 2031K, capacity 2219K, committed 2304K, reserved 1048576K
}
Event: 3.835 GC heap before
{Heap before GC invocations=5 (full 0):
 garbage-first heap   total 196608K, used 23092K [0x0000000740000000, 0x0000000800000000)
  region size 1024K, 19 young (19456K), 4 survivors (4096K)
 Metaspace       used 20681K, capacity 21206K, committed 21248K, reserved 1069056K
  class space    used 2307K, capacity 2540K, committed 2560K, reserved 1048576K
}
Event: 3.843 GC heap after
{Heap after GC invocations=6 (full 0):
 garbage-first heap   total 196608K, used 9211K [0x0000000740000000, 0x0000000800000000)
  region size 1024K, 3 young (3072K), 3 survivors (3072K)
 Metaspace       used 20681K, capacity 21206K, committed 21248K, reserved 1069056K
  class space    used 2307K, capacity 2540K, committed 2560K, reserved 1048576K
}
Event: 4.544 GC heap before
{Heap before GC invocations=7 (full 0):
 garbage-first heap   total 196608K, used 52219K [0x0000000740000000, 0x0000000800000000)
  region size 1024K, 46 young (47104K), 3 survivors (3072K)
 Metaspace       used 26453K, capacity 27147K, committed 27392K, reserved 1073152K
  class space    used 3006K, capacity 3268K, committed 3328K, reserved 1048576K
}
Event: 4.557 GC heap after
{Heap after GC invocations=8 (full 0):
 garbage-first heap   total 273408K, used 10395K [0x0000000740000000, 0x0000000800000000)
  region size 1024K, 4 young (4096K), 4 survivors (4096K)
 Metaspace       used 26453K, capacity 27147K, committed 27392K, reserved 1073152K
  class space    used 3006K, capacity 3268K, committed 3328K, reserved 1048576K
}

